pleasure-dome 2
blossomed 1
war! 1
chasm, 1
he 1
which 1
thick 1
The 1
Mount 1
Abora. 1
Samuel 1
mingled 1
in 4
flail: 1
here 1
But 1
motion 1
chaffy 1
Weave 1
measureless 2
fast 1
them 1
Taylor 1
Huge 1
river. 1
Singing 1
her 2
this 3
chasm 1
ground 1
should 2
His 1
close 1
a 12
Khan 2
Where 3
Alph, 1
that 2
And 11
sea. 1
forced: 1
dale 1
round; 1
oh! 1
dulcimer 2
hair! 1
mighty 1
these 1
For 1
cedarn 1
Amid 1
hills, 1
on 3
your 1
Coleridge 1
did 1
five 1
walls 1
rare 1
device, 1
those 1
savage 1
saw: 1
Beware! 2
rills, 1
So 1
from 2
swift 1
I 3
Abyssinian 1
loud 1
Then 1
fragments 1
song, 1
dream. 1
midway 1
caves 2
ocean; 1
twice 1
flung 1
symphony 1
Fragment. 1
haunted 1
Could 1
By 2
place! 1
pants 1
whose 1
sank 1
milk 1
e'er 1
long, 1
half-intermitted 1
burst 1
him 1
waning 1
ran, 1
an 2
if 1
mazy 1
With 1
ancient 1
me, 1
ice! 2
there, 1
vision 2
As 2
to 4
decree: 1
heard 3
Or, 1
the 13
ran 1
girdled 1
floating 1
sunny 3
was 5
me 1
there 1
seething, 1
revive 1
cry, 1
In 2
incense-bearing 1
hill 1
woman 1
rocks 1
damsel 1
were 4
demon-lover! 1
Or 1
mid 1
such 1
bright 1
dancing 1
prophesying 1
eyes, 1
meandering 1
his 1
Down 2
green 1
grain 1
Her 1
lifeless 1
Paradise. 1
of 9
cover! 1
at 1
caves. 1
win 1
who 1
sunless 1
thresher's 1
pleasure 1
A 6
and 7
honey-dew 1
caverns 2
measure 1
dread 1
river, 1
see 1
eyes 1
momently 2
That 2
beneath 2
spots 1
for 1
stately 1
forests 1
earth 1
maid 1
Kubla 3
Through 2
delight 1
hail, 1
like 1
once 2
dome 2
hath 1
sacred 3
fertile 1
slanted 1
wailing 1
fountain 2
circle 1
ceaseless 1
'twould 1
fed, 1
It 3
river 1
round 1
vaulted 1
Five 1
moon 1
wood 1
tumult 2
Ancestral 1
she 1
played, 1
thrice, 1
shadow 1
From 1
Xanadu 1
waves; 1
deep 2
gardens 1
romantic 1
Floated 1
music 1
breathing, 1
up 1
towers 1
Enfolding 1
ever 1
far 1
would 1
all 2
man, 1
air, 1
flashing 1
with 7
holy 2
voices 1
build 1
tree; 1
miracle 1
as 2
enchanted 1
dome! 1
miles 2
turmoil 1
within 1
rebounding 1
sinuous 1
greenery. 1
drunk 1
reached 1
'mid 1
man 1
many 1
To 1
athwart 1
